<?xml version="1.0" encoding="UTF-8" standalone="no"?>
<testsuite errors="0" failures="1" name="io.cucumber.core.plugin.JUnitFormatter" skipped="0" tests="1" time="55.532">
    <testcase classname="Koala Palace" name="TC28_kullanici hotelroomedit sayfasinda properties bolumundeki veriyi siler" time="54.583">
        <failure message="no such element: Unable to locate element: {&quot;method&quot;:&quot;xpath&quot;,&quot;selector&quot;:&quot;//tbody/tr[1]/td[6]/a&quot;}&#10;  (Session info: chrome=85.0.4183.121)&#10;For documentation on this error, please visit: https://www.seleniumhq.org/exceptions/no_such_element.html&#10;Build info: version: '3.141.59', revision: 'e82be7d358', time: '2018-11-14T08:17:03'&#10;System info: host: 'DESKTOP-PNP8E8C', ip: '192.168.43.229', os.name: 'Windows 10', os.arch: 'amd64', os.version: '10.0', java.version: '14.0.1'&#10;Driver info: org.openqa.selenium.chrome.ChromeDriver&#10;Capabilities {acceptInsecureCerts: false, browserName: chrome, browserVersion: 85.0.4183.121, chrome: {chromedriverVersion: 85.0.4183.87 (cd6713ebf92fa..., userDataDir: C:\Users\Herr\AppData\Local...}, goog:chromeOptions: {debuggerAddress: localhost:52412}, javascriptEnabled: true, networkConnectionEnabled: false, pageLoadStrategy: normal, platform: WINDOWS, platformName: WINDOWS, proxy: Proxy(), setWindowRect: true, strictFileInteractability: false, timeouts: {implicit: 0, pageLoad: 300000, script: 30000}, unhandledPromptBehavior: dismiss and notify, webauthn:virtualAuthenticators: true}&#10;Session ID: 6c20d55b0342bf0fc814ae23aee27e09&#10;*** Element info: {Using=xpath, value=//tbody/tr[1]/td[6]/a}" type="org.openqa.selenium.NoSuchElementException"><![CDATA[Given kullanici koalapalace admin sayfasina gider...........................passed
And kullanici kullaniciadi ve sifresini girer...............................passed
Then kullanici giris islemini gerceklestirir................................passed
Given kullanici hotelroomedit "http://www.kaolapalace-qa-environment2.com/admin/HotelRoomAdmin/Edit?Id=472" sayfasina gider.passed
And kullanici hotelroomedit sayfasinda properties bolumune tiklar...........passed
And kullanici hotelroomedit sayfasinda tip olarak "room prop1" secer........passed
And kullanici hotelroomedit sayfasinda code olarak "4444" girer.............passed
And kullanici hotelroomedit sayfasinda value olarak "sistem bozuldu" girer..passed
And kullanici hotelroomedit sayfasinda save butonuna tiklar.................passed
Then kullanici hotelroomedit sayfasinda properties bolumunde yeni kayit oldugunu assert eder.failed

StackTrace:
org.openqa.selenium.NoSuchElementException: no such element: Unable to locate element: {"method":"xpath","selector":"//tbody/tr[1]/td[6]/a"}
  (Session info: chrome=85.0.4183.121)
For documentation on this error, please visit: https://www.seleniumhq.org/exceptions/no_such_element.html
Build info: version: '3.141.59', revision: 'e82be7d358', time: '2018-11-14T08:17:03'
System info: host: 'DESKTOP-PNP8E8C', ip: '192.168.43.229', os.name: 'Windows 10', os.arch: 'amd64', os.version: '10.0', java.version: '14.0.1'
Driver info: org.openqa.selenium.chrome.ChromeDriver
Capabilities {acceptInsecureCerts: false, browserName: chrome, browserVersion: 85.0.4183.121, chrome: {chromedriverVersion: 85.0.4183.87 (cd6713ebf92fa..., userDataDir: C:\Users\Herr\AppData\Local...}, goog:chromeOptions: {debuggerAddress: localhost:52412}, javascriptEnabled: true, networkConnectionEnabled: false, pageLoadStrategy: normal, platform: WINDOWS, platformName: WINDOWS, proxy: Proxy(), setWindowRect: true, strictFileInteractability: false, timeouts: {implicit: 0, pageLoad: 300000, script: 30000}, unhandledPromptBehavior: dismiss and notify, webauthn:virtualAuthenticators: true}
Session ID: 6c20d55b0342bf0fc814ae23aee27e09
*** Element info: {Using=xpath, value=//tbody/tr[1]/td[6]/a}
	at java.base/jdk.internal.reflect.NativeConstructorAccessorImpl.newInstance0(Native Method)
	at java.base/jdk.internal.reflect.NativeConstructorAccessorImpl.newInstance(NativeConstructorAccessorImpl.java:62)
	at java.base/jdk.internal.reflect.DelegatingConstructorAccessorImpl.newInstance(DelegatingConstructorAccessorImpl.java:45)
	at java.base/java.lang.reflect.Constructor.newInstanceWithCaller(Constructor.java:500)
	at java.base/java.lang.reflect.Constructor.newInstance(Constructor.java:481)
	at org.openqa.selenium.remote.http.W3CHttpResponseCodec.createException(W3CHttpResponseCodec.java:187)
	at org.openqa.selenium.remote.http.W3CHttpResponseCodec.decode(W3CHttpResponseCodec.java:122)
	at org.openqa.selenium.remote.http.W3CHttpResponseCodec.decode(W3CHttpResponseCodec.java:49)
	at org.openqa.selenium.remote.HttpCommandExecutor.execute(HttpCommandExecutor.java:158)
	at org.openqa.selenium.remote.service.DriverCommandExecutor.execute(DriverCommandExecutor.java:83)
	at org.openqa.selenium.remote.RemoteWebDriver.execute(RemoteWebDriver.java:552)
	at org.openqa.selenium.remote.RemoteWebDriver.findElement(RemoteWebDriver.java:323)
	at org.openqa.selenium.remote.RemoteWebDriver.findElementByXPath(RemoteWebDriver.java:428)
	at org.openqa.selenium.By$ByXPath.findElement(By.java:353)
	at org.openqa.selenium.remote.RemoteWebDriver.findElement(RemoteWebDriver.java:315)
	at org.openqa.selenium.support.pagefactory.DefaultElementLocator.findElement(DefaultElementLocator.java:69)
	at org.openqa.selenium.support.pagefactory.internal.LocatingElementHandler.invoke(LocatingElementHandler.java:38)
	at com.sun.proxy.$Proxy18.isDisplayed(Unknown Source)
	at stepdefinitions.KoalaPalaceStepDef.kullanici_hotelroomedit_sayfasinda_properties_bolumunde_yeni_kayit_oldugunu_assert_eder(KoalaPalaceStepDef.java:431)
	at âœ½.kullanici hotelroomedit sayfasinda properties bolumunde yeni kayit oldugunu assert eder(file:///C:/Users/Herr/IdeaProjects/CucumberProje/src/test/resources/features/koalapalace.feature:318)
]]></failure>
    </testcase>
</testsuite>
